<?xml version="1.0" encoding="UTF-8"?>
<!-- Generated by org.testng.reporters.JUnitReportReporter -->
<testsuite hostname="LAPTOP-NFF9N2DA" name="com.qa.test.Demotest" tests="2" failures="0" timestamp="28 Jan 2019 15:11:00 GMT" time="0.032" errors="0">
  <testcase name="Sub" time="0.017" classname="com.qa.test.Demotest"/>
  <testcase name="sum" time="0.015" classname="com.qa.test.Demotest"/>
</testsuite> <!-- com.qa.test.Demotest -->
